<?xml version="1.0" encoding="UTF-8"?>
<coverage generated="1523472074579" clover="3.2.0">
  <project timestamp="1523472074580" name="All files">
    <metrics statements="62" coveredstatements="38" conditionals="13" coveredconditionals="5" methods="30" coveredmethods="14" elements="105" coveredelements="57" complexity="0" loc="62" ncloc="62" packages="5" files="8" classes="8">
      <package name="scripts">
        <metrics statements="2" coveredstatements="1" conditionals="0" coveredconditionals="0" methods="1" coveredmethods="0"/>
        <file name="config.js" path="C:\Users\Viktoryia_Takarskaya\Frontcamp\frontcamp\react-angular\scripts\config.js">
          <metrics statements="2" coveredstatements="1" conditionals="0" coveredconditionals="0" methods="1" coveredmethods="0"/>
          <line num="1" count="1" type="stmt"/>
          <line num="6" count="0" type="stmt"/>
        </file>
      </package>
      <package name="scripts.reducers">
        <metrics statements="5" coveredstatements="4" conditionals="5" coveredconditionals="3" methods="1" coveredmethods="1"/>
        <file name="UserReducer.js" path="C:\Users\Viktoryia_Takarskaya\Frontcamp\frontcamp\react-angular\scripts\reducers\UserReducer.js">
          <metrics statements="5" coveredstatements="4" conditionals="5" coveredconditionals="3" methods="1" coveredmethods="1"/>
          <line num="2" count="3" type="cond" truecount="3" falsecount="1"/>
          <line num="4" count="0" type="stmt"/>
          <line num="11" count="1" type="stmt"/>
          <line num="18" count="1" type="stmt"/>
          <line num="24" count="1" type="stmt"/>
        </file>
      </package>
      <package name="scripts.selectors">
        <metrics statements="19" coveredstatements="3" conditionals="4" coveredconditionals="0" methods="12" coveredmethods="2"/>
        <file name="Selectors.js" path="C:\Users\Viktoryia_Takarskaya\Frontcamp\frontcamp\react-angular\scripts\selectors\Selectors.js">
          <metrics statements="19" coveredstatements="3" conditionals="4" coveredconditionals="0" methods="12" coveredmethods="2"/>
          <line num="5" count="1" type="stmt"/>
          <line num="9" count="1" type="stmt"/>
          <line num="10" count="0" type="stmt"/>
          <line num="13" count="0" type="stmt"/>
          <line num="19" count="0" type="stmt"/>
          <line num="25" count="1" type="stmt"/>
          <line num="27" count="0" type="stmt"/>
          <line num="29" count="0" type="stmt"/>
          <line num="34" count="0" type="cond" truecount="0" falsecount="2"/>
          <line num="35" count="0" type="stmt"/>
          <line num="40" count="0" type="stmt"/>
          <line num="44" count="0" type="stmt"/>
          <line num="49" count="0" type="stmt"/>
          <line num="51" count="0" type="stmt"/>
          <line num="56" count="0" type="cond" truecount="0" falsecount="2"/>
          <line num="57" count="0" type="stmt"/>
          <line num="62" count="0" type="stmt"/>
          <line num="66" count="0" type="stmt"/>
          <line num="72" count="0" type="stmt"/>
        </file>
      </package>
      <package name="scripts.ui.posts">
        <metrics statements="25" coveredstatements="21" conditionals="4" coveredconditionals="2" methods="10" coveredmethods="7"/>
        <file name="App.js" path="C:\Users\Viktoryia_Takarskaya\Frontcamp\frontcamp\react-angular\scripts\ui\posts\App.js">
          <metrics statements="9" coveredstatements="7" conditionals="4" coveredconditionals="2" methods="3" coveredmethods="2"/>
          <line num="11" count="1" type="stmt"/>
          <line num="15" count="1" type="stmt"/>
          <line num="16" count="1" type="stmt"/>
          <line num="18" count="1" type="cond" truecount="1" falsecount="1"/>
          <line num="19" count="0" type="stmt"/>
          <line num="22" count="1" type="stmt"/>
          <line num="27" count="0" type="cond" truecount="1" falsecount="1"/>
          <line num="34" count="1" type="stmt"/>
          <line num="39" count="1" type="stmt"/>
        </file>
        <file name="Filter.js" path="C:\Users\Viktoryia_Takarskaya\Frontcamp\frontcamp\react-angular\scripts\ui\posts\Filter.js">
          <metrics statements="3" coveredstatements="3" conditionals="0" coveredconditionals="0" methods="1" coveredmethods="1"/>
          <line num="4" count="2" type="stmt"/>
          <line num="5" count="6" type="stmt"/>
          <line num="11" count="2" type="stmt"/>
        </file>
        <file name="NewsItem.js" path="C:\Users\Viktoryia_Takarskaya\Frontcamp\frontcamp\react-angular\scripts\ui\posts\NewsItem.js">
          <metrics statements="4" coveredstatements="4" conditionals="0" coveredconditionals="0" methods="1" coveredmethods="1"/>
          <line num="4" count="2" type="stmt"/>
          <line num="5" count="3" type="stmt"/>
          <line num="7" count="3" type="stmt"/>
          <line num="18" count="2" type="stmt"/>
        </file>
        <file name="PostContainer.js" path="C:\Users\Viktoryia_Takarskaya\Frontcamp\frontcamp\react-angular\scripts\ui\posts\PostContainer.js">
          <metrics statements="9" coveredstatements="7" conditionals="0" coveredconditionals="0" methods="5" coveredmethods="3"/>
          <line num="8" count="1" type="stmt"/>
          <line num="9" count="1" type="stmt"/>
          <line num="13" count="1" type="stmt"/>
          <line num="15" count="1" type="stmt"/>
          <line num="16" count="0" type="stmt"/>
          <line num="21" count="1" type="stmt"/>
          <line num="22" count="0" type="stmt"/>
          <line num="29" count="1" type="stmt"/>
          <line num="37" count="1" type="stmt"/>
        </file>
      </package>
      <package name="scripts.ui.user">
        <metrics statements="11" coveredstatements="9" conditionals="0" coveredconditionals="0" methods="6" coveredmethods="4"/>
        <file name="UserForm.js" path="C:\Users\Viktoryia_Takarskaya\Frontcamp\frontcamp\react-angular\scripts\ui\user\UserForm.js">
          <metrics statements="11" coveredstatements="9" conditionals="0" coveredconditionals="0" methods="6" coveredmethods="4"/>
          <line num="7" count="4" type="stmt"/>
          <line num="8" count="4" type="stmt"/>
          <line num="12" count="4" type="stmt"/>
          <line num="16" count="2" type="stmt"/>
          <line num="17" count="2" type="stmt"/>
          <line num="19" count="2" type="stmt"/>
          <line num="23" count="6" type="stmt"/>
          <line num="25" count="0" type="stmt"/>
          <line num="26" count="1" type="stmt"/>
          <line num="27" count="0" type="stmt"/>
          <line num="33" count="1" type="stmt"/>
        </file>
      </package>
    </metrics>
  </project>
</coverage>
