{"C:\\Users\\Viktoryia_Takarskaya\\Frontcamp\\frontcamp\\react-angular\\scripts\\config.js": {"path":"C:\\Users\\Viktoryia_Takarskaya\\Frontcamp\\frontcamp\\react-angular\\scripts\\config.js","statementMap":{"0":{"start":{"line":1,"column":15},"end":{"line":14,"column":1}},"1":{"start":{"line":6,"column":16},"end":{"line":6,"column":63}}},"fnMap":{"0":{"name":"(anonymous_0)","decl":{"start":{"line":5,"column":17},"end":{"line":5,"column":18}},"loc":{"start":{"line":5,"column":30},"end":{"line":7,"column":13}},"line":5}},"branchMap":{},"s":{"0":1,"1":0},"f":{"0":0},"b":{},"_coverageSchema":"332fd63041d2c1bcb487cc26dd0d5f7d97098a6c","hash":"67eeec7c0a85ba73f105d26e78624985be3d1345"}
,"C:\\Users\\Viktoryia_Takarskaya\\Frontcamp\\frontcamp\\react-angular\\scripts\\reducers\\UserReducer.js": {"path":"C:\\Users\\Viktoryia_Takarskaya\\Frontcamp\\frontcamp\\react-angular\\scripts\\reducers\\UserReducer.js","statementMap":{"0":{"start":{"line":2,"column":4},"end":{"line":25,"column":5}},"1":{"start":{"line":4,"column":12},"end":{"line":7,"column":15}},"2":{"start":{"line":11,"column":12},"end":{"line":14,"column":15}},"3":{"start":{"line":18,"column":12},"end":{"line":20,"column":15}},"4":{"start":{"line":24,"column":12},"end":{"line":24,"column":25}}},"fnMap":{"0":{"name":"userReducer","decl":{"start":{"line":1,"column":24},"end":{"line":1,"column":35}},"loc":{"start":{"line":1,"column":56},"end":{"line":26,"column":1}},"line":1}},"branchMap":{"0":{"loc":{"start":{"line":1,"column":36},"end":{"line":1,"column":46}},"type":"default-arg","locations":[{"start":{"line":1,"column":44},"end":{"line":1,"column":46}}],"line":1},"1":{"loc":{"start":{"line":2,"column":4},"end":{"line":25,"column":5}},"type":"switch","locations":[{"start":{"line":3,"column":8},"end":{"line":8,"column":9}},{"start":{"line":10,"column":8},"end":{"line":15,"column":9}},{"start":{"line":17,"column":8},"end":{"line":21,"column":9}},{"start":{"line":23,"column":8},"end":{"line":24,"column":25}}],"line":2}},"s":{"0":3,"1":0,"2":1,"3":1,"4":1},"f":{"0":3},"b":{"0":[0],"1":[0,1,1,1]},"_coverageSchema":"332fd63041d2c1bcb487cc26dd0d5f7d97098a6c","hash":"1999623330e31884a1a827f4004e093225567256"}
,"C:\\Users\\Viktoryia_Takarskaya\\Frontcamp\\frontcamp\\react-angular\\scripts\\selectors\\Selectors.js": {"path":"C:\\Users\\Viktoryia_Takarskaya\\Frontcamp\\frontcamp\\react-angular\\scripts\\selectors\\Selectors.js","statementMap":{"0":{"start":{"line":5,"column":4},"end":{"line":5,"column":17}},"1":{"start":{"line":9,"column":24},"end":{"line":23,"column":5}},"2":{"start":{"line":10,"column":8},"end":{"line":22,"column":15}},"3":{"start":{"line":13,"column":16},"end":{"line":16,"column":19}},"4":{"start":{"line":19,"column":16},"end":{"line":21,"column":19}},"5":{"start":{"line":25,"column":4},"end":{"line":77,"column":5}},"6":{"start":{"line":27,"column":12},"end":{"line":27,"column":31}},"7":{"start":{"line":29,"column":12},"end":{"line":45,"column":19}},"8":{"start":{"line":34,"column":20},"end":{"line":41,"column":21}},"9":{"start":{"line":35,"column":24},"end":{"line":38,"column":27}},"10":{"start":{"line":40,"column":24},"end":{"line":40,"column":40}},"11":{"start":{"line":44,"column":20},"end":{"line":44,"column":39}},"12":{"start":{"line":49,"column":12},"end":{"line":49,"column":31}},"13":{"start":{"line":51,"column":12},"end":{"line":67,"column":19}},"14":{"start":{"line":56,"column":20},"end":{"line":63,"column":21}},"15":{"start":{"line":57,"column":24},"end":{"line":60,"column":27}},"16":{"start":{"line":62,"column":24},"end":{"line":62,"column":40}},"17":{"start":{"line":66,"column":20},"end":{"line":66,"column":39}},"18":{"start":{"line":72,"column":12},"end":{"line":75,"column":15}}},"fnMap":{"0":{"name":"mapStateToProps","decl":{"start":{"line":4,"column":9},"end":{"line":4,"column":24}},"loc":{"start":{"line":4,"column":32},"end":{"line":6,"column":1}},"line":4},"1":{"name":"mapActionsToProps","decl":{"start":{"line":8,"column":9},"end":{"line":8,"column":26}},"loc":{"start":{"line":8,"column":37},"end":{"line":78,"column":1}},"line":8},"2":{"name":"(anonymous_2)","decl":{"start":{"line":9,"column":24},"end":{"line":9,"column":25}},"loc":{"start":{"line":9,"column":35},"end":{"line":23,"column":5}},"line":9},"3":{"name":"(anonymous_3)","decl":{"start":{"line":12,"column":18},"end":{"line":12,"column":19}},"loc":{"start":{"line":12,"column":37},"end":{"line":17,"column":13}},"line":12},"4":{"name":"(anonymous_4)","decl":{"start":{"line":18,"column":18},"end":{"line":18,"column":19}},"loc":{"start":{"line":18,"column":29},"end":{"line":22,"column":13}},"line":18},"5":{"name":"(anonymous_5)","decl":{"start":{"line":26,"column":19},"end":{"line":26,"column":20}},"loc":{"start":{"line":26,"column":37},"end":{"line":46,"column":9}},"line":26},"6":{"name":"(anonymous_6)","decl":{"start":{"line":33,"column":22},"end":{"line":33,"column":23}},"loc":{"start":{"line":33,"column":41},"end":{"line":42,"column":17}},"line":33},"7":{"name":"(anonymous_7)","decl":{"start":{"line":43,"column":23},"end":{"line":43,"column":24}},"loc":{"start":{"line":43,"column":39},"end":{"line":45,"column":17}},"line":43},"8":{"name":"(anonymous_8)","decl":{"start":{"line":48,"column":26},"end":{"line":48,"column":27}},"loc":{"start":{"line":48,"column":44},"end":{"line":69,"column":9}},"line":48},"9":{"name":"(anonymous_9)","decl":{"start":{"line":55,"column":22},"end":{"line":55,"column":23}},"loc":{"start":{"line":55,"column":41},"end":{"line":64,"column":17}},"line":55},"10":{"name":"(anonymous_10)","decl":{"start":{"line":65,"column":23},"end":{"line":65,"column":24}},"loc":{"start":{"line":65,"column":39},"end":{"line":67,"column":17}},"line":65},"11":{"name":"(anonymous_11)","decl":{"start":{"line":71,"column":27},"end":{"line":71,"column":28}},"loc":{"start":{"line":71,"column":43},"end":{"line":76,"column":9}},"line":71}},"branchMap":{"0":{"loc":{"start":{"line":34,"column":20},"end":{"line":41,"column":21}},"type":"if","locations":[{"start":{"line":34,"column":20},"end":{"line":41,"column":21}},{"start":{"line":34,"column":20},"end":{"line":41,"column":21}}],"line":34},"1":{"loc":{"start":{"line":56,"column":20},"end":{"line":63,"column":21}},"type":"if","locations":[{"start":{"line":56,"column":20},"end":{"line":63,"column":21}},{"start":{"line":56,"column":20},"end":{"line":63,"column":21}}],"line":56}},"s":{"0":1,"1":1,"2":0,"3":0,"4":0,"5":1,"6":0,"7":0,"8":0,"9":0,"10":0,"11":0,"12":0,"13":0,"14":0,"15":0,"16":0,"17":0,"18":0},"f":{"0":1,"1":1,"2":0,"3":0,"4":0,"5":0,"6":0,"7":0,"8":0,"9":0,"10":0,"11":0},"b":{"0":[0,0],"1":[0,0]},"_coverageSchema":"332fd63041d2c1bcb487cc26dd0d5f7d97098a6c","hash":"8d953d6de68a7d3319e65cc74b725b94693b78f4"}
,"C:\\Users\\Viktoryia_Takarskaya\\Frontcamp\\frontcamp\\react-angular\\scripts\\ui\\posts\\App.js": {"path":"C:\\Users\\Viktoryia_Takarskaya\\Frontcamp\\frontcamp\\react-angular\\scripts\\ui\\posts\\App.js","statementMap":{"0":{"start":{"line":11,"column":8},"end":{"line":11,"column":21}},"1":{"start":{"line":15,"column":25},"end":{"line":15,"column":49}},"2":{"start":{"line":16,"column":22},"end":{"line":16,"column":44}},"3":{"start":{"line":18,"column":8},"end":{"line":20,"column":9}},"4":{"start":{"line":19,"column":12},"end":{"line":19,"column":38}},"5":{"start":{"line":22,"column":8},"end":{"line":30,"column":10}},"6":{"start":{"line":27,"column":71},"end":{"line":27,"column":115}},"7":{"start":{"line":34,"column":0},"end":{"line":37,"column":2}},"8":{"start":{"line":39,"column":0},"end":{"line":39,"column":74}}},"fnMap":{"0":{"name":"(anonymous_0)","decl":{"start":{"line":10,"column":4},"end":{"line":10,"column":5}},"loc":{"start":{"line":10,"column":23},"end":{"line":12,"column":5}},"line":10},"1":{"name":"(anonymous_1)","decl":{"start":{"line":14,"column":4},"end":{"line":14,"column":5}},"loc":{"start":{"line":14,"column":13},"end":{"line":31,"column":5}},"line":14},"2":{"name":"(anonymous_2)","decl":{"start":{"line":27,"column":64},"end":{"line":27,"column":65}},"loc":{"start":{"line":27,"column":71},"end":{"line":27,"column":115}},"line":27}},"branchMap":{"0":{"loc":{"start":{"line":18,"column":8},"end":{"line":20,"column":9}},"type":"if","locations":[{"start":{"line":18,"column":8},"end":{"line":20,"column":9}},{"start":{"line":18,"column":8},"end":{"line":20,"column":9}}],"line":18},"1":{"loc":{"start":{"line":27,"column":17},"end":{"line":27,"column":119}},"type":"binary-expr","locations":[{"start":{"line":27,"column":17},"end":{"line":27,"column":33}},{"start":{"line":27,"column":37},"end":{"line":27,"column":119}}],"line":27}},"s":{"0":1,"1":1,"2":1,"3":1,"4":0,"5":1,"6":0,"7":1,"8":1},"f":{"0":1,"1":1,"2":0},"b":{"0":[0,1],"1":[1,0]},"_coverageSchema":"332fd63041d2c1bcb487cc26dd0d5f7d97098a6c","hash":"24eefe3f4307d62e686064f2fb4270935227730b"}
,"C:\\Users\\Viktoryia_Takarskaya\\Frontcamp\\frontcamp\\react-angular\\scripts\\ui\\posts\\Filter.js": {"path":"C:\\Users\\Viktoryia_Takarskaya\\Frontcamp\\frontcamp\\react-angular\\scripts\\ui\\posts\\Filter.js","statementMap":{"0":{"start":{"line":4,"column":15},"end":{"line":9,"column":1}},"1":{"start":{"line":5,"column":4},"end":{"line":8,"column":10}},"2":{"start":{"line":11,"column":0},"end":{"line":13,"column":2}}},"fnMap":{"0":{"name":"(anonymous_0)","decl":{"start":{"line":4,"column":15},"end":{"line":4,"column":16}},"loc":{"start":{"line":5,"column":4},"end":{"line":8,"column":10}},"line":5}},"branchMap":{},"s":{"0":2,"1":6,"2":2},"f":{"0":6},"b":{},"_coverageSchema":"332fd63041d2c1bcb487cc26dd0d5f7d97098a6c","hash":"8d0dd131bd204ab807fb66c040036a777121d98d"}
,"C:\\Users\\Viktoryia_Takarskaya\\Frontcamp\\frontcamp\\react-angular\\scripts\\ui\\posts\\NewsItem.js": {"path":"C:\\Users\\Viktoryia_Takarskaya\\Frontcamp\\frontcamp\\react-angular\\scripts\\ui\\posts\\NewsItem.js","statementMap":{"0":{"start":{"line":4,"column":17},"end":{"line":16,"column":1}},"1":{"start":{"line":5,"column":41},"end":{"line":5,"column":51}},"2":{"start":{"line":7,"column":4},"end":{"line":15,"column":6}},"3":{"start":{"line":18,"column":0},"end":{"line":21,"column":2}}},"fnMap":{"0":{"name":"(anonymous_0)","decl":{"start":{"line":4,"column":17},"end":{"line":4,"column":18}},"loc":{"start":{"line":4,"column":26},"end":{"line":16,"column":1}},"line":4}},"branchMap":{},"s":{"0":2,"1":3,"2":3,"3":2},"f":{"0":3},"b":{},"_coverageSchema":"332fd63041d2c1bcb487cc26dd0d5f7d97098a6c","hash":"4170d7b31934e0481cd4a8ecdf95b635bcab0dd8"}
,"C:\\Users\\Viktoryia_Takarskaya\\Frontcamp\\frontcamp\\react-angular\\scripts\\ui\\posts\\PostContainer.js": {"path":"C:\\Users\\Viktoryia_Takarskaya\\Frontcamp\\frontcamp\\react-angular\\scripts\\ui\\posts\\PostContainer.js","statementMap":{"0":{"start":{"line":8,"column":8},"end":{"line":8,"column":21}},"1":{"start":{"line":9,"column":8},"end":{"line":9,"column":51}},"2":{"start":{"line":13,"column":28},"end":{"line":13,"column":50}},"3":{"start":{"line":15,"column":8},"end":{"line":17,"column":11}},"4":{"start":{"line":16,"column":12},"end":{"line":16,"column":81}},"5":{"start":{"line":21,"column":30},"end":{"line":27,"column":9}},"6":{"start":{"line":22,"column":12},"end":{"line":26,"column":14}},"7":{"start":{"line":29,"column":8},"end":{"line":33,"column":10}},"8":{"start":{"line":37,"column":0},"end":{"line":39,"column":2}}},"fnMap":{"0":{"name":"(anonymous_0)","decl":{"start":{"line":7,"column":4},"end":{"line":7,"column":5}},"loc":{"start":{"line":7,"column":23},"end":{"line":10,"column":5}},"line":7},"1":{"name":"(anonymous_1)","decl":{"start":{"line":12,"column":4},"end":{"line":12,"column":5}},"loc":{"start":{"line":12,"column":16},"end":{"line":18,"column":5}},"line":12},"2":{"name":"(anonymous_2)","decl":{"start":{"line":15,"column":39},"end":{"line":15,"column":40}},"loc":{"start":{"line":15,"column":54},"end":{"line":17,"column":9}},"line":15},"3":{"name":"(anonymous_3)","decl":{"start":{"line":20,"column":4},"end":{"line":20,"column":5}},"loc":{"start":{"line":20,"column":13},"end":{"line":34,"column":5}},"line":20},"4":{"name":"(anonymous_4)","decl":{"start":{"line":21,"column":51},"end":{"line":21,"column":52}},"loc":{"start":{"line":22,"column":12},"end":{"line":26,"column":14}},"line":22}},"branchMap":{},"s":{"0":1,"1":1,"2":1,"3":1,"4":0,"5":1,"6":0,"7":1,"8":1},"f":{"0":1,"1":1,"2":0,"3":1,"4":0},"b":{},"_coverageSchema":"332fd63041d2c1bcb487cc26dd0d5f7d97098a6c","hash":"56cf574c4390db48913efc2a5044277edb44173b"}
,"C:\\Users\\Viktoryia_Takarskaya\\Frontcamp\\frontcamp\\react-angular\\scripts\\ui\\user\\UserForm.js": {"path":"C:\\Users\\Viktoryia_Takarskaya\\Frontcamp\\frontcamp\\react-angular\\scripts\\ui\\user\\UserForm.js","statementMap":{"0":{"start":{"line":7,"column":8},"end":{"line":7,"column":21}},"1":{"start":{"line":8,"column":8},"end":{"line":11,"column":10}},"2":{"start":{"line":12,"column":8},"end":{"line":12,"column":57}},"3":{"start":{"line":16,"column":25},"end":{"line":16,"column":50}},"4":{"start":{"line":17,"column":8},"end":{"line":17,"column":32}},"5":{"start":{"line":19,"column":8},"end":{"line":19,"column":32}},"6":{"start":{"line":23,"column":8},"end":{"line":29,"column":10}},"7":{"start":{"line":25,"column":111},"end":{"line":25,"column":156}},"8":{"start":{"line":26,"column":115},"end":{"line":26,"column":160}},"9":{"start":{"line":27,"column":59},"end":{"line":27,"column":93}},"10":{"start":{"line":33,"column":0},"end":{"line":35,"column":2}}},"fnMap":{"0":{"name":"(anonymous_0)","decl":{"start":{"line":6,"column":4},"end":{"line":6,"column":5}},"loc":{"start":{"line":6,"column":23},"end":{"line":13,"column":5}},"line":6},"1":{"name":"(anonymous_1)","decl":{"start":{"line":15,"column":4},"end":{"line":15,"column":5}},"loc":{"start":{"line":15,"column":31},"end":{"line":20,"column":5}},"line":15},"2":{"name":"(anonymous_2)","decl":{"start":{"line":22,"column":4},"end":{"line":22,"column":5}},"loc":{"start":{"line":22,"column":13},"end":{"line":30,"column":5}},"line":22},"3":{"name":"(anonymous_3)","decl":{"start":{"line":25,"column":104},"end":{"line":25,"column":105}},"loc":{"start":{"line":25,"column":111},"end":{"line":25,"column":156}},"line":25},"4":{"name":"(anonymous_4)","decl":{"start":{"line":26,"column":108},"end":{"line":26,"column":109}},"loc":{"start":{"line":26,"column":115},"end":{"line":26,"column":160}},"line":26},"5":{"name":"(anonymous_5)","decl":{"start":{"line":27,"column":52},"end":{"line":27,"column":53}},"loc":{"start":{"line":27,"column":59},"end":{"line":27,"column":93}},"line":27}},"branchMap":{},"s":{"0":4,"1":4,"2":4,"3":2,"4":2,"5":2,"6":6,"7":0,"8":1,"9":0,"10":1},"f":{"0":4,"1":2,"2":6,"3":0,"4":1,"5":0},"b":{},"_coverageSchema":"332fd63041d2c1bcb487cc26dd0d5f7d97098a6c","hash":"2f8c447b37f89ca44f1ac628c0749ff267df1c50"}
}
