TN:
SF:C:\Users\Viktoryia_Takarskaya\Frontcamp\frontcamp\react-angular\scripts\config.js
FN:5,(anonymous_0)
FNF:1
FNH:0
FNDA:0,(anonymous_0)
DA:1,1
DA:6,0
LF:2
LH:1
BRF:0
BRH:0
end_of_record
TN:
SF:C:\Users\Viktoryia_Takarskaya\Frontcamp\frontcamp\react-angular\scripts\reducers\UserReducer.js
FN:1,userReducer
FNF:1
FNH:1
FNDA:3,userReducer
DA:2,3
DA:4,0
DA:11,1
DA:18,1
DA:24,1
LF:5
LH:4
BRDA:1,0,0,0
BRDA:2,1,0,0
BRDA:2,1,1,1
BRDA:2,1,2,1
BRDA:2,1,3,1
BRF:5
BRH:3
end_of_record
TN:
SF:C:\Users\Viktoryia_Takarskaya\Frontcamp\frontcamp\react-angular\scripts\selectors\Selectors.js
FN:4,mapStateToProps
FN:8,mapActionsToProps
FN:9,(anonymous_2)
FN:12,(anonymous_3)
FN:18,(anonymous_4)
FN:26,(anonymous_5)
FN:33,(anonymous_6)
FN:43,(anonymous_7)
FN:48,(anonymous_8)
FN:55,(anonymous_9)
FN:65,(anonymous_10)
FN:71,(anonymous_11)
FNF:12
FNH:2
FNDA:1,mapStateToProps
FNDA:1,mapActionsToProps
FNDA:0,(anonymous_2)
FNDA:0,(anonymous_3)
FNDA:0,(anonymous_4)
FNDA:0,(anonymous_5)
FNDA:0,(anonymous_6)
FNDA:0,(anonymous_7)
FNDA:0,(anonymous_8)
FNDA:0,(anonymous_9)
FNDA:0,(anonymous_10)
FNDA:0,(anonymous_11)
DA:5,1
DA:9,1
DA:10,0
DA:13,0
DA:19,0
DA:25,1
DA:27,0
DA:29,0
DA:34,0
DA:35,0
DA:40,0
DA:44,0
DA:49,0
DA:51,0
DA:56,0
DA:57,0
DA:62,0
DA:66,0
DA:72,0
LF:19
LH:3
BRDA:34,0,0,0
BRDA:34,0,1,0
BRDA:56,1,0,0
BRDA:56,1,1,0
BRF:4
BRH:0
end_of_record
TN:
SF:C:\Users\Viktoryia_Takarskaya\Frontcamp\frontcamp\react-angular\scripts\ui\posts\App.js
FN:10,(anonymous_0)
FN:14,(anonymous_1)
FN:27,(anonymous_2)
FNF:3
FNH:2
FNDA:1,(anonymous_0)
FNDA:1,(anonymous_1)
FNDA:0,(anonymous_2)
DA:11,1
DA:15,1
DA:16,1
DA:18,1
DA:19,0
DA:22,1
DA:27,0
DA:34,1
DA:39,1
LF:9
LH:7
BRDA:18,0,0,0
BRDA:18,0,1,1
BRDA:27,1,0,1
BRDA:27,1,1,0
BRF:4
BRH:2
end_of_record
TN:
SF:C:\Users\Viktoryia_Takarskaya\Frontcamp\frontcamp\react-angular\scripts\ui\posts\Filter.js
FN:4,(anonymous_0)
FNF:1
FNH:1
FNDA:6,(anonymous_0)
DA:4,2
DA:5,6
DA:11,2
LF:3
LH:3
BRF:0
BRH:0
end_of_record
TN:
SF:C:\Users\Viktoryia_Takarskaya\Frontcamp\frontcamp\react-angular\scripts\ui\posts\NewsItem.js
FN:4,(anonymous_0)
FNF:1
FNH:1
FNDA:3,(anonymous_0)
DA:4,2
DA:5,3
DA:7,3
DA:18,2
LF:4
LH:4
BRF:0
BRH:0
end_of_record
TN:
SF:C:\Users\Viktoryia_Takarskaya\Frontcamp\frontcamp\react-angular\scripts\ui\posts\PostContainer.js
FN:7,(anonymous_0)
FN:12,(anonymous_1)
FN:15,(anonymous_2)
FN:20,(anonymous_3)
FN:21,(anonymous_4)
FNF:5
FNH:3
FNDA:1,(anonymous_0)
FNDA:1,(anonymous_1)
FNDA:0,(anonymous_2)
FNDA:1,(anonymous_3)
FNDA:0,(anonymous_4)
DA:8,1
DA:9,1
DA:13,1
DA:15,1
DA:16,0
DA:21,1
DA:22,0
DA:29,1
DA:37,1
LF:9
LH:7
BRF:0
BRH:0
end_of_record
TN:
SF:C:\Users\Viktoryia_Takarskaya\Frontcamp\frontcamp\react-angular\scripts\ui\user\UserForm.js
FN:6,(anonymous_0)
FN:15,(anonymous_1)
FN:22,(anonymous_2)
FN:25,(anonymous_3)
FN:26,(anonymous_4)
FN:27,(anonymous_5)
FNF:6
FNH:4
FNDA:4,(anonymous_0)
FNDA:2,(anonymous_1)
FNDA:6,(anonymous_2)
FNDA:0,(anonymous_3)
FNDA:1,(anonymous_4)
FNDA:0,(anonymous_5)
DA:7,4
DA:8,4
DA:12,4
DA:16,2
DA:17,2
DA:19,2
DA:23,6
DA:25,0
DA:26,1
DA:27,0
DA:33,1
LF:11
LH:9
BRF:0
BRH:0
end_of_record
